<?xml version="1.0" encoding="UTF-8"?>
<testsuite name="Command line test" failures="0" tests="114" time="0.614" errors="0">
  <properties/>
  <testcase name="checkEquals1" time="0.0030" classname="org.ploin.web.flow.FlowTest"/>
  <testcase name="checkEquals2" time="0.0" classname="org.ploin.web.flow.FlowTest"/>
  <testcase name="checkEquals3" time="0.0" classname="org.ploin.web.flow.FlowTest"/>
  <testcase name="checkEquals4" time="0.0" classname="org.ploin.web.flow.FlowTest"/>
  <testcase name="checkEquals5" time="0.0" classname="org.ploin.web.flow.FlowTest"/>
  <testcase name="checkEquals6" time="0.0" classname="org.ploin.web.flow.FlowTest"/>
  <testcase name="getterAndSetterForIgnoreViews" time="0.0" classname="org.ploin.web.flow.FlowTest"/>
  <testcase name="checkEquals7" time="0.0" classname="org.ploin.web.flow.FlowTest"/>
  <testcase name="checkEquals8" time="0.0" classname="org.ploin.web.flow.FlowTest"/>
  <testcase name="getterAndSetterForAttributes" time="0.0" classname="org.ploin.web.flow.FlowTest"/>
  <testcase name="getterAndSetter" time="0.041" classname="org.ploin.web.phaselistener.JsfPhaseListener04Test"/>
  <testcase name="getterAndSetter" time="0.0" classname="org.ploin.web.phaselistener.JsfPhaseListener03Test"/>
  <testcase name="beforePhase1" time="0.0020" classname="org.ploin.web.phaselistener.JsfPhaseListener03Test"/>
  <testcase name="getterAndSetterForViews" time="0.0" classname="org.ploin.web.flow.FlowTest"/>
  <testcase name="getterAndSetterForIncludeAuthoritys" time="0.0" classname="org.ploin.web.flow.FlowTest"/>
  <testcase name="addAttribute" time="0.0" classname="org.ploin.web.flow.FlowTest"/>
  <testcase name="getterAndSetter" time="0.0" classname="org.ploin.web.phaselistener.JsfPhaseListener02Test"/>
  <testcase name="beforePhase1" time="0.0" classname="org.ploin.web.phaselistener.JsfPhaseListener02Test"/>
  <testcase name="beforePhase2" time="0.169" classname="org.ploin.web.phaselistener.JsfPhaseListener02Test"/>
  <testcase name="beforePhase1" time="0.0" classname="org.ploin.web.phaselistener.JsfPhaseListener04Test"/>
  <testcase name="checkHashCode1" time="0.0" classname="org.ploin.web.flow.FlowTest"/>
  <testcase name="checkHashCode2" time="0.0" classname="org.ploin.web.flow.FlowTest"/>
  <testcase name="checkHashCode3" time="0.0" classname="org.ploin.web.flow.FlowTest"/>
  <testcase name="isViewInSet1" time="0.0" classname="org.ploin.web.flow.FlowControlTest"/>
  <testcase name="isViewInSet2" time="0.0" classname="org.ploin.web.flow.FlowControlTest"/>
  <testcase name="isViewInSet3" time="0.0" classname="org.ploin.web.flow.FlowControlTest"/>
  <testcase name="getterAndSetter" time="0.0" classname="org.ploin.web.phaselistener.JsfPhaseListener06Test"/>
  <testcase name="getterAndSetterForSubFlows" time="0.0" classname="org.ploin.web.flow.FlowTest"/>
  <testcase name="containAttribute" time="0.0" classname="org.ploin.web.flow.FlowTest"/>
  <testcase name="getterAndSetter" time="0.0" classname="org.ploin.web.phaselistener.JsfPhaseListener05Test"/>
  <testcase name="getterAndSetterForExcludeAuthoritys" time="0.0" classname="org.ploin.web.flow.FlowTest"/>
  <testcase name="getterAndSetter" time="0.0" classname="org.ploin.web.phaselistener.JsfPhaseListener01Test"/>
  <testcase name="beforePhase1" time="0.0060" classname="org.ploin.web.phaselistener.JsfPhaseListener01Test"/>
  <testcase name="beforePhase2" time="0.0" classname="org.ploin.web.phaselistener.JsfPhaseListener01Test"/>
  <testcase name="addIncludeAuthoritys" time="0.0" classname="org.ploin.web.flow.FlowTest"/>
  <testcase name="containIncludeAuthoritys" time="0.0" classname="org.ploin.web.flow.FlowTest"/>
  <testcase name="beforePhase1" time="0.0050" classname="org.ploin.web.phaselistener.JsfPhaseListener06Test"/>
  <testcase name="isViewNotInSet1" time="0.0" classname="org.ploin.web.flow.FlowControlTest"/>
  <testcase name="isViewNotInSet2" time="0.0" classname="org.ploin.web.flow.FlowControlTest"/>
  <testcase name="beforePhase2" time="0.0040" classname="org.ploin.web.phaselistener.JsfPhaseListener06Test"/>
  <testcase name="isViewNotInSet3" time="0.0" classname="org.ploin.web.flow.FlowControlTest"/>
  <testcase name="isViewNotInSet4" time="0.0" classname="org.ploin.web.flow.FlowControlTest"/>
  <testcase name="isViewsInSubflows" time="0.0" classname="org.ploin.web.flow.FlowControlTest"/>
  <testcase name="isViewsInSubflows2" time="0.0010" classname="org.ploin.web.flow.FlowControlTest"/>
  <testcase name="isViewsInSubflows3" time="0.0" classname="org.ploin.web.flow.FlowControlTest"/>
  <testcase name="isViewsInSubflows4" time="0.0" classname="org.ploin.web.flow.FlowControlTest"/>
  <testcase name="isViewsInSubflows5" time="0.0" classname="org.ploin.web.flow.FlowControlTest"/>
  <testcase name="isViewsInSubflows6" time="0.0" classname="org.ploin.web.flow.FlowControlTest"/>
  <testcase name="isViewsInSubflows7" time="0.0" classname="org.ploin.web.flow.FlowControlTest"/>
  <testcase name="getFlowById1" time="0.0" classname="org.ploin.web.flow.FlowControlTest"/>
  <testcase name="getFlowById2" time="0.0" classname="org.ploin.web.flow.FlowControlTest"/>
  <testcase name="getFlowById3" time="0.0" classname="org.ploin.web.flow.FlowControlTest"/>
  <testcase name="getFlowById4" time="0.0" classname="org.ploin.web.flow.FlowControlTest"/>
  <testcase name="getFlowById5" time="0.0" classname="org.ploin.web.flow.FlowControlTest"/>
  <testcase name="isViewInFlowPathPeek1" time="0.0" classname="org.ploin.web.flow.FlowControlTest"/>
  <testcase name="isViewInFlowPathPeek2" time="0.0010" classname="org.ploin.web.flow.FlowControlTest"/>
  <testcase name="isViewInFlowPathPeek3" time="0.0010" classname="org.ploin.web.flow.FlowControlTest"/>
  <testcase name="isViewInFlowPathPeek4" time="0.0" classname="org.ploin.web.flow.FlowControlTest"/>
  <testcase name="isViewInFlowPathPeek5" time="0.0010" classname="org.ploin.web.flow.FlowControlTest"/>
  <testcase name="readFlows1" time="0.0070" classname="org.ploin.web.flow.FlowControlTest"/>
  <testcase name="addViews" time="0.0" classname="org.ploin.web.flow.FlowTest"/>
  <testcase name="viewContains" time="0.0" classname="org.ploin.web.flow.FlowTest"/>
  <testcase name="addExcludeAuthoritys" time="0.0" classname="org.ploin.web.flow.FlowTest"/>
  <testcase name="containExcludeAuthoritys" time="0.0" classname="org.ploin.web.flow.FlowTest"/>
  <testcase name="addSubFlows" time="0.0" classname="org.ploin.web.flow.FlowTest"/>
  <testcase name="beforePhase1" time="0.0" classname="org.ploin.web.phaselistener.JsfPhaseListener05Test"/>
  <testcase name="leaveFlowAction1" time="0.0040" classname="org.ploin.web.flow.FlowControlTest"/>
  <testcase name="addIgnoreViews" time="0.0010" classname="org.ploin.web.flow.FlowTest"/>
  <testcase name="getterAndSetterForAfterLifecycleAction" time="0.0" classname="org.ploin.web.flow.FlowTest"/>
  <testcase name="getterAndSetterForBeforeLifecycleAction" time="0.0" classname="org.ploin.web.flow.FlowTest"/>
  <testcase name="getterAndSetterForAuthoritySource" time="0.0010" classname="org.ploin.web.flow.FlowTest"/>
  <testcase name="getterAndSetterForFlowId" time="0.0" classname="org.ploin.web.flow.FlowTest"/>
  <testcase name="getterAndSetterForAccessDeniedPage" time="0.0" classname="org.ploin.web.flow.FlowTest"/>
  <testcase name="getterAndSetterForBeforeFlowAction" time="0.0" classname="org.ploin.web.flow.FlowTest"/>
  <testcase name="getterAndSetterForAppName" time="0.0010" classname="org.ploin.web.flow.FlowTest"/>
  <testcase name="getterAndSetterForAfterFlowAction" time="0.0" classname="org.ploin.web.flow.FlowTest"/>
  <testcase name="getterAndSetterForDisableUrlNavigation" time="0.0" classname="org.ploin.web.flow.FlowTest"/>
  <testcase name="getPhaseId" time="0.0" classname="org.ploin.web.phaselistener.BlockSavePhaseListenerTest"/>
  <testcase name="afterPhase" time="0.0" classname="org.ploin.web.phaselistener.BlockSavePhaseListenerTest"/>
  <testcase name="getterAndSetter" time="0.0" classname="org.ploin.web.phaselistener.BlockSavePhaseListenerTest"/>
  <testcase name="getPhaseId" time="0.0" classname="org.ploin.web.phaselistener.JsfPhaseListener01Test"/>
  <testcase name="afterPhase" time="0.0" classname="org.ploin.web.phaselistener.JsfPhaseListener01Test"/>
  <testcase name="generateId" time="0.0" classname="org.ploin.web.phaselistener.JsfPhaseListener01Test"/>
  <testcase name="afterPhase" time="0.0" classname="org.ploin.web.phaselistener.JsfPhaseListener02Test"/>
  <testcase name="getPhaseId" time="0.0" classname="org.ploin.web.phaselistener.JsfPhaseListener02Test"/>
  <testcase name="getPhaseId" time="0.0" classname="org.ploin.web.phaselistener.JsfPhaseListener03Test"/>
  <testcase name="afterPhase" time="0.0010" classname="org.ploin.web.phaselistener.JsfPhaseListener03Test"/>
  <testcase name="afterPhase" time="0.0" classname="org.ploin.web.phaselistener.JsfPhaseListener04Test"/>
  <testcase name="getPhaseId" time="0.0" classname="org.ploin.web.phaselistener.JsfPhaseListener04Test"/>
  <testcase name="afterPhase" time="0.0010" classname="org.ploin.web.phaselistener.JsfPhaseListener05Test"/>
  <testcase name="getPhaseId" time="0.0" classname="org.ploin.web.phaselistener.JsfPhaseListener05Test"/>
  <testcase name="getPhaseId" time="0.0" classname="org.ploin.web.phaselistener.JsfPhaseListener06Test"/>
  <testcase name="afterPhase" time="0.0010" classname="org.ploin.web.phaselistener.JsfPhaseListener06Test"/>
  <testcase name="stackTest" time="0.0" classname="org.ploin.web.stack.StackTest"/>
  <testcase name="validate2" time="0.028" classname="org.ploin.web.validator.EmailValidatorTest"/>
  <testcase name="validate0" time="0.0040" classname="org.ploin.web.validator.EmailValidatorTest"/>
  <testcase name="validate1" time="0.0010" classname="org.ploin.web.validator.EmailValidatorTest"/>
  <testcase name="validate2" time="0.0020" classname="org.ploin.web.validator.HtmlKickerTest"/>
  <testcase name="validate0" time="0.012" classname="org.ploin.web.validator.HtmlKickerTest"/>
  <testcase name="validate1" time="0.0" classname="org.ploin.web.validator.HtmlKickerTest"/>
  <testcase name="validate1" time="0.0" classname="org.ploin.web.validator.NumberOnlyValidatorTest"/>
  <testcase name="validate0" time="0.0050" classname="org.ploin.web.validator.NumberOnlyValidatorTest"/>
  <testcase name="validate3" time="0.0" classname="org.ploin.web.validator.NumberOnlyValidatorTest"/>
  <testcase name="validate2" time="0.0020" classname="org.ploin.web.validator.NumberOnlyValidatorTest"/>
  <testcase name="validate5" time="0.0050" classname="org.ploin.web.validator.NumberOnlyValidatorTest"/>
  <testcase name="validate4" time="0.0040" classname="org.ploin.web.validator.NumberOnlyValidatorTest"/>
  <testcase name="validate6" time="0.0" classname="org.ploin.web.validator.NumberOnlyValidatorTest"/>
  <testcase name="validate1" time="0.0" classname="org.ploin.web.validator.PlzValidatorTest"/>
  <testcase name="validate0" time="0.0020" classname="org.ploin.web.validator.PlzValidatorTest"/>
  <testcase name="validate3" time="0.016" classname="org.ploin.web.validator.PlzValidatorTest"/>
  <testcase name="validate2" time="0.0070" classname="org.ploin.web.validator.PlzValidatorTest"/>
  <testcase name="validate5" time="0.0020" classname="org.ploin.web.validator.PlzValidatorTest"/>
  <testcase name="validate4" time="0.0080" classname="org.ploin.web.validator.PlzValidatorTest"/>
  <testcase name="validate6" time="0.0" classname="org.ploin.web.validator.PlzValidatorTest"/>
</testsuite>
