<?xml version="1.0" encoding="UTF-8" ?>
<testsuite failures="0" time="1.366" errors="0" skipped="0" tests="114" name="TestSuite">
  <properties>
[...]
</properties>
  <testcase time="0.002" classname="org.ploin.web.flow.FlowTest" name="checkEquals1"/>
  <testcase time="0" classname="org.ploin.web.flow.FlowTest" name="checkEquals2"/>
  <testcase time="0" classname="org.ploin.web.flow.FlowTest" name="checkEquals3"/>
  <testcase time="0" classname="org.ploin.web.flow.FlowTest" name="checkEquals4"/>
  <testcase time="0.001" classname="org.ploin.web.flow.FlowTest" name="checkEquals5"/>
  <testcase time="0" classname="org.ploin.web.flow.FlowTest" name="checkEquals6"/>
  <testcase time="0" classname="org.ploin.web.flow.FlowTest" name="getterAndSetterForIgnoreViews"/>
  <testcase time="0" classname="org.ploin.web.flow.FlowTest" name="checkEquals7"/>
  <testcase time="0" classname="org.ploin.web.flow.FlowTest" name="checkEquals8"/>
  <testcase time="0" classname="org.ploin.web.flow.FlowTest" name="getterAndSetterForAttributes"/>
  <testcase time="0.041" classname="org.ploin.web.phaselistener.JsfPhaseListener04Test" name="getterAndSetter"/>
  <testcase time="0.001" classname="org.ploin.web.phaselistener.JsfPhaseListener03Test" name="getterAndSetter"/>
  <testcase time="0.002" classname="org.ploin.web.phaselistener.JsfPhaseListener03Test" name="beforePhase1"/>
  <testcase time="0" classname="org.ploin.web.flow.FlowTest" name="getterAndSetterForViews"/>
  <testcase time="0" classname="org.ploin.web.flow.FlowTest" name="getterAndSetterForIncludeAuthoritys"/>
  <testcase time="0" classname="org.ploin.web.flow.FlowTest" name="addAttribute"/>
  <testcase time="0" classname="org.ploin.web.phaselistener.JsfPhaseListener02Test" name="getterAndSetter"/>
  <testcase time="0" classname="org.ploin.web.phaselistener.JsfPhaseListener02Test" name="beforePhase1"/>
  <testcase time="0.169" classname="org.ploin.web.phaselistener.JsfPhaseListener02Test" name="beforePhase2"/>
  <testcase time="0" classname="org.ploin.web.phaselistener.JsfPhaseListener04Test" name="beforePhase1"/>
  <testcase time="0.001" classname="org.ploin.web.flow.FlowTest" name="checkHashCode1"/>
  <testcase time="0" classname="org.ploin.web.flow.FlowTest" name="checkHashCode2"/>
  <testcase time="0" classname="org.ploin.web.flow.FlowTest" name="checkHashCode3"/>
  <testcase time="0" classname="org.ploin.web.flow.FlowControlTest" name="isViewInSet1"/>
  <testcase time="0" classname="org.ploin.web.flow.FlowControlTest" name="isViewInSet2"/>
  <testcase time="0" classname="org.ploin.web.flow.FlowControlTest" name="isViewInSet3"/>
  <testcase time="0" classname="org.ploin.web.phaselistener.JsfPhaseListener06Test" name="getterAndSetter"/>
  <testcase time="0" classname="org.ploin.web.flow.FlowTest" name="getterAndSetterForSubFlows"/>
  <testcase time="0" classname="org.ploin.web.flow.FlowTest" name="containAttribute"/>
  <testcase time="0" classname="org.ploin.web.phaselistener.JsfPhaseListener05Test" name="getterAndSetter"/>
  <testcase time="0" classname="org.ploin.web.flow.FlowTest" name="getterAndSetterForExcludeAuthoritys"/>
  <testcase time="0" classname="org.ploin.web.phaselistener.JsfPhaseListener01Test" name="getterAndSetter"/>
  <testcase time="0.006" classname="org.ploin.web.phaselistener.JsfPhaseListener01Test" name="beforePhase1"/>
  <testcase time="0" classname="org.ploin.web.phaselistener.JsfPhaseListener01Test" name="beforePhase2"/>
  <testcase time="0" classname="org.ploin.web.flow.FlowTest" name="addIncludeAuthoritys"/>
  <testcase time="0" classname="org.ploin.web.flow.FlowTest" name="containIncludeAuthoritys"/>
  <testcase time="0.005" classname="org.ploin.web.phaselistener.JsfPhaseListener06Test" name="beforePhase1"/>
  <testcase time="0" classname="org.ploin.web.flow.FlowControlTest" name="isViewNotInSet1"/>
  <testcase time="0" classname="org.ploin.web.flow.FlowControlTest" name="isViewNotInSet2"/>
  <testcase time="0.004" classname="org.ploin.web.phaselistener.JsfPhaseListener06Test" name="beforePhase2"/>
  <testcase time="0" classname="org.ploin.web.flow.FlowControlTest" name="isViewNotInSet3"/>
  <testcase time="0" classname="org.ploin.web.flow.FlowControlTest" name="isViewNotInSet4"/>
  <testcase time="0.001" classname="org.ploin.web.flow.FlowControlTest" name="isViewsInSubflows"/>
  <testcase time="0.001" classname="org.ploin.web.flow.FlowControlTest" name="isViewsInSubflows2"/>
  <testcase time="0" classname="org.ploin.web.flow.FlowControlTest" name="isViewsInSubflows3"/>
  <testcase time="0" classname="org.ploin.web.flow.FlowControlTest" name="isViewsInSubflows4"/>
  <testcase time="0" classname="org.ploin.web.flow.FlowControlTest" name="isViewsInSubflows5"/>
  <testcase time="0" classname="org.ploin.web.flow.FlowControlTest" name="isViewsInSubflows6"/>
  <testcase time="0" classname="org.ploin.web.flow.FlowControlTest" name="isViewsInSubflows7"/>
  <testcase time="0" classname="org.ploin.web.flow.FlowControlTest" name="getFlowById1"/>
  <testcase time="0" classname="org.ploin.web.flow.FlowControlTest" name="getFlowById2"/>
  <testcase time="0" classname="org.ploin.web.flow.FlowControlTest" name="getFlowById3"/>
  <testcase time="0" classname="org.ploin.web.flow.FlowControlTest" name="getFlowById4"/>
  <testcase time="0" classname="org.ploin.web.flow.FlowControlTest" name="getFlowById5"/>
  <testcase time="0" classname="org.ploin.web.flow.FlowControlTest" name="isViewInFlowPathPeek1"/>
  <testcase time="0.001" classname="org.ploin.web.flow.FlowControlTest" name="isViewInFlowPathPeek2"/>
  <testcase time="0.001" classname="org.ploin.web.flow.FlowControlTest" name="isViewInFlowPathPeek3"/>
  <testcase time="0" classname="org.ploin.web.flow.FlowControlTest" name="isViewInFlowPathPeek4"/>
  <testcase time="0" classname="org.ploin.web.flow.FlowControlTest" name="isViewInFlowPathPeek5"/>
  <testcase time="0.007" classname="org.ploin.web.flow.FlowControlTest" name="readFlows1"/>
  <testcase time="0" classname="org.ploin.web.flow.FlowTest" name="addViews"/>
  <testcase time="0.001" classname="org.ploin.web.flow.FlowTest" name="viewContains"/>
  <testcase time="0" classname="org.ploin.web.flow.FlowTest" name="addExcludeAuthoritys"/>
  <testcase time="0" classname="org.ploin.web.flow.FlowTest" name="containExcludeAuthoritys"/>
  <testcase time="0" classname="org.ploin.web.flow.FlowTest" name="addSubFlows"/>
  <testcase time="0" classname="org.ploin.web.phaselistener.JsfPhaseListener05Test" name="beforePhase1"/>
  <testcase time="0.004" classname="org.ploin.web.flow.FlowControlTest" name="leaveFlowAction1"/>
  <testcase time="0" classname="org.ploin.web.flow.FlowTest" name="addIgnoreViews"/>
  <testcase time="0" classname="org.ploin.web.flow.FlowTest" name="getterAndSetterForAfterLifecycleAction"/>
  <testcase time="0" classname="org.ploin.web.flow.FlowTest" name="getterAndSetterForBeforeLifecycleAction"/>
  <testcase time="0.001" classname="org.ploin.web.flow.FlowTest" name="getterAndSetterForAuthoritySource"/>
  <testcase time="0" classname="org.ploin.web.flow.FlowTest" name="getterAndSetterForFlowId"/>
  <testcase time="0" classname="org.ploin.web.flow.FlowTest" name="getterAndSetterForAccessDeniedPage"/>
  <testcase time="0" classname="org.ploin.web.flow.FlowTest" name="getterAndSetterForBeforeFlowAction"/>
  <testcase time="0" classname="org.ploin.web.flow.FlowTest" name="getterAndSetterForAppName"/>
  <testcase time="0" classname="org.ploin.web.flow.FlowTest" name="getterAndSetterForAfterFlowAction"/>
  <testcase time="0" classname="org.ploin.web.flow.FlowTest" name="getterAndSetterForDisableUrlNavigation"/>
  <testcase time="0" classname="org.ploin.web.phaselistener.BlockSavePhaseListenerTest" name="getPhaseId"/>
  <testcase time="0" classname="org.ploin.web.phaselistener.BlockSavePhaseListenerTest" name="afterPhase"/>
  <testcase time="0" classname="org.ploin.web.phaselistener.BlockSavePhaseListenerTest" name="getterAndSetter"/>
  <testcase time="0" classname="org.ploin.web.phaselistener.JsfPhaseListener01Test" name="getPhaseId"/>
  <testcase time="0" classname="org.ploin.web.phaselistener.JsfPhaseListener01Test" name="afterPhase"/>
  <testcase time="0" classname="org.ploin.web.phaselistener.JsfPhaseListener01Test" name="generateId"/>
  <testcase time="0" classname="org.ploin.web.phaselistener.JsfPhaseListener02Test" name="afterPhase"/>
  <testcase time="0" classname="org.ploin.web.phaselistener.JsfPhaseListener02Test" name="getPhaseId"/>
  <testcase time="0" classname="org.ploin.web.phaselistener.JsfPhaseListener03Test" name="getPhaseId"/>
  <testcase time="0.001" classname="org.ploin.web.phaselistener.JsfPhaseListener03Test" name="afterPhase"/>
  <testcase time="0" classname="org.ploin.web.phaselistener.JsfPhaseListener04Test" name="afterPhase"/>
  <testcase time="0" classname="org.ploin.web.phaselistener.JsfPhaseListener04Test" name="getPhaseId"/>
  <testcase time="0.001" classname="org.ploin.web.phaselistener.JsfPhaseListener05Test" name="afterPhase"/>
  <testcase time="0" classname="org.ploin.web.phaselistener.JsfPhaseListener05Test" name="getPhaseId"/>
  <testcase time="0" classname="org.ploin.web.phaselistener.JsfPhaseListener06Test" name="getPhaseId"/>
  <testcase time="0.001" classname="org.ploin.web.phaselistener.JsfPhaseListener06Test" name="afterPhase"/>
  <testcase time="0" classname="org.ploin.web.stack.StackTest" name="stackTest"/>
  <testcase time="0.028" classname="org.ploin.web.validator.EmailValidatorTest" name="validate2"/>
  <testcase time="0.004" classname="org.ploin.web.validator.EmailValidatorTest" name="validate0"/>
  <testcase time="0.001" classname="org.ploin.web.validator.EmailValidatorTest" name="validate1"/>
  <testcase time="0.002" classname="org.ploin.web.validator.HtmlKickerTest" name="validate2"/>
  <testcase time="0.012" classname="org.ploin.web.validator.HtmlKickerTest" name="validate0"/>
  <testcase time="0.001" classname="org.ploin.web.validator.HtmlKickerTest" name="validate1"/>
  <testcase time="0" classname="org.ploin.web.validator.NumberOnlyValidatorTest" name="validate1"/>
  <testcase time="0.005" classname="org.ploin.web.validator.NumberOnlyValidatorTest" name="validate0"/>
  <testcase time="0" classname="org.ploin.web.validator.NumberOnlyValidatorTest" name="validate3"/>
  <testcase time="0.002" classname="org.ploin.web.validator.NumberOnlyValidatorTest" name="validate2"/>
  <testcase time="0.005" classname="org.ploin.web.validator.NumberOnlyValidatorTest" name="validate5"/>
  <testcase time="0.004" classname="org.ploin.web.validator.NumberOnlyValidatorTest" name="validate4"/>
  <testcase time="0" classname="org.ploin.web.validator.NumberOnlyValidatorTest" name="validate6"/>
  <testcase time="0" classname="org.ploin.web.validator.PlzValidatorTest" name="validate1"/>
  <testcase time="0.002" classname="org.ploin.web.validator.PlzValidatorTest" name="validate0"/>
  <testcase time="0.016" classname="org.ploin.web.validator.PlzValidatorTest" name="validate3"/>
  <testcase time="0.007" classname="org.ploin.web.validator.PlzValidatorTest" name="validate2"/>
  <testcase time="0.002" classname="org.ploin.web.validator.PlzValidatorTest" name="validate5"/>
  <testcase time="0.008" classname="org.ploin.web.validator.PlzValidatorTest" name="validate4"/>
  <testcase time="0" classname="org.ploin.web.validator.PlzValidatorTest" name="validate6"/>
</testsuite>